yyparse result =        0
Symbol table level 1
 35714518064           d  CONST  typ    REAL  val  6.250000e-02
 35714518144           s  CONST  typ INTEGER  val  32
 35714518224           h  CONST  typ INTEGER  val  34
 35714518304           c  CONST  typ    REAL  val  6.283180e+00
 35714518384         lim  CONST  typ INTEGER  val  32
 35714518464           x  VAR    1 typ    real  lvl  1  siz     8  off     0
 35714518544           y  VAR    1 typ    real  lvl  1  siz     8  off     8
 35714518624           i  VAR    0 typ integer  lvl  1  siz     4  off    16
 35714518704           n  VAR    0 typ integer  lvl  1  siz     4  off    20
(program graph1 (progn output)
                (progn (progn (:= i 0)
                              (label 1)
                              (if (<= i 32)
                                  (progn (progn (:= x (* 6.250000e-02
                                                         (float i)))
                                                (:= y (float (* (funcall exp
                                                                         (- x))
                                                                (funcall sin
                                                                         (* 6.283180e+00
                                                                            x)))))
                                                (:= n (+ (funcall round
                                                                  (* (float 32)
                                                                     y))
                                                         34))
                                                (progn (label 0)
                                                       (funcall write
                                                                ' ')
                                                       (:= n (- n
                                                                1))
                                                       (if (= n
                                                              0)
                                                           (progn)
                                                           (goto 0)))
                                                (funcall writeln '*'))
                                         (:= i (+ i 1))
                                         (goto 1))))))
