yyparse result =        0
Symbol table level 1
 32027725088     complex  TYPE   typ 32027724848  lvl  1  siz    16  off     0
(RECORD (re real)
        (im real))
 32027725168         red  CONST  typ INTEGER  val  0
 32027725248       white  CONST  typ INTEGER  val  1
 32027725328        blue  CONST  typ INTEGER  val  2
 32027725488       color  TYPE   typ 32027725408  lvl  1  siz     4  off     0
  0 ..   2
 32027725648      person  TYPE   typ 32027725808  lvl  1  siz    48  off     0
(RECORD (age integer)
        (friend (^ person))
        (location (RECORD (re real)
                          (im real)))
        (favorite   0 ..   2)
        (salary real))
 32027725728          pp  TYPE   typ 32027725568  lvl  1  siz     8  off     0
(^ person)
 32027726288           c  VAR    0 typ 32027725088  lvl  1  siz    16  off     0
(RECORD (re real)
        (im real))
 32027726368           d  VAR    0 typ 32027725088  lvl  1  siz    16  off    16
(RECORD (re real)
        (im real))
 32027726448           i  VAR    0 typ integer  lvl  1  siz     4  off    32
 32027726528         sum  VAR    0 typ integer  lvl  1  siz     4  off    36
 32027726768          ac  VAR    0 typ 32027726688  lvl  1  siz   160  off    48
(ARRAY   1 ..  10 (RECORD (re real)
                          (im real)))
 32027727088         aco  VAR    0 typ 32027727008  lvl  1  siz   120  off   208
(ARRAY   1 ..  10 (ARRAY   0 ..   2   0 ..   2))
 32027727168        john  VAR    4 typ 32027725728  lvl  1  siz     8  off   328
(^ person)
 32027727248        mary  VAR    4 typ 32027725728  lvl  1  siz     8  off   336
(^ person)
 32027727328        fred  VAR    4 typ 32027725728  lvl  1  siz     8  off   344
(^ person)
 32027727408         ptr  VAR    4 typ 32027725728  lvl  1  siz     8  off   352
(^ person)
 32027727648      people  VAR    0 typ 32027727568  lvl  1  siz   960  off   368
(ARRAY   1 ..  20 (RECORD (age integer)
                          (friend (^ person))
                          (location (RECORD (re real)
                                            (im real)))
                          (favorite   0 ..   2)
                          (salary real)))
(program graph1 (progn output)
                (progn (:= john (funcall new 48))
                       (:= mary (funcall new 48))
                       (:= fred (funcall new 48))
                       (:= (aref (^ john)
                                 32)
                           2)
                       (:= (aref (^ john)
                                 0)
                           19)
                       (progn (label 1)
                              (:= (aref (^ john)
                                        8)
                                  mary))
                       (:= (aref (^ john)
                                 40)
                           4.000000e+04)
                       (:= (aref (^ john)
                                 16)
                           3.000000e+00)
                       (:= (aref (^ mary)
                                 0)
                           21)
                       (:= (aref (^ mary)
                                 8)
                           fred)
                       (progn (label 0)
                              (:= (aref (^ fred)
                                        0)
                                  20))
                       (:= (aref (^ fred)
                                 8)
                           0)
                       (:= (aref (^ (aref (^ (aref (^ john)
                                                   8))
                                          8))
                                 24)
                           4.500000e+00)
                       (:= (aref ac 96)
                           (aref (^ john)
                                 40))
                       (:= ptr john)
                       (:= sum 0)
                       (:= i 1)
                       (progn (label 2)
                              (if (<> ptr 0)
                                  (progn (progn (:= sum (+ sum (aref (^ ptr)
                                                                     0)))
                                                (:= (aref people (+ -48
                                                                    (* 48
                                                                       i)))
                                                    (aref (^ ptr)
                                                          0))
                                                (:= (aref aco (+ -8
                                                                 (* 12
                                                                    i)))
                                                    (aref (^ john)
                                                          32))
                                                (:= ptr (aref (^ ptr)
                                                              8))
                                                (:= i (+ i 1)))
                                         (goto 2))))
                       (funcall write 'i = ')
                       (funcall writelni i)
                       (funcall write 'Sum of ages = ')
                       (funcall writelni sum)
                       (funcall write 'Fred loc im = ')
                       (funcall writelnf (aref (^ fred)
                                               24))
                       (if (< sum 3)
                           (goto 0))))
